{"DateTime":"2024-10-05T00:31:27+05:30","Latency":"73.625µs","RequestMethod":"GET","RequestURL":"/ping","Status":200,"level":"info","msg":"Request details logged","time":"2024-10-05T00:31:27+05:30"}
{"DateTime":"2024-10-05T00:31:35+05:30","Latency":"47.417µs","RequestMethod":"GET","RequestURL":"/ping","Status":200,"level":"info","msg":"Request details logged","time":"2024-10-05T00:31:35+05:30"}
{"DateTime":"2024-10-05T00:31:41+05:30","Latency":"27.791µs","RequestMethod":"GET","RequestURL":"/ping","Status":200,"level":"info","msg":"Request details logged","time":"2024-10-05T00:31:41+05:30"}
{"DateTime":"2024-10-05T00:31:42+05:30","Latency":"24.458µs","RequestMethod":"GET","RequestURL":"/ping","Status":200,"level":"info","msg":"Request details logged","time":"2024-10-05T00:31:42+05:30"}
{"DateTime":"2024-10-05T00:31:43+05:30","Latency":"33.584µs","RequestMethod":"GET","RequestURL":"/ping","Status":200,"level":"info","msg":"Request details logged","time":"2024-10-05T00:31:43+05:30"}
{"DateTime":"2024-10-05T00:31:44+05:30","Latency":"26.75µs","RequestMethod":"GET","RequestURL":"/ping","Status":200,"level":"info","msg":"Request details logged","time":"2024-10-05T00:31:44+05:30"}
{"DateTime":"2024-10-05T00:31:44+05:30","Latency":"36.333µs","RequestMethod":"GET","RequestURL":"/ping","Status":200,"level":"info","msg":"Request details logged","time":"2024-10-05T00:31:44+05:30"}
{"DateTime":"2024-10-05T00:32:40+05:30","Latency":"56.833µs","RequestMethod":"GET","RequestURL":"/ping","Status":200,"level":"info","msg":"Request details logged","time":"2024-10-05T00:32:40+05:30"}
{"DateTime":"2024-10-05T00:32:41+05:30","Latency":"40.916µs","RequestMethod":"GET","RequestURL":"/ping","Status":200,"level":"info","msg":"Request details logged","time":"2024-10-05T00:32:41+05:30"}
{"DateTime":"2024-10-05T00:32:42+05:30","Latency":"23.042µs","RequestMethod":"GET","RequestURL":"/ping","Status":200,"level":"info","msg":"Request details logged","time":"2024-10-05T00:32:42+05:30"}
{"DateTime":"2024-10-05T00:53:47+05:30","Latency":"65.792µs","RequestMethod":"GET","RequestURL":"/ping","Status":200,"level":"info","msg":"Request details logged","time":"2024-10-05T00:53:47+05:30"}
{"DateTime":"2024-10-05T00:54:04+05:30","Latency":"37.833µs","RequestMethod":"GET","RequestURL":"/ping","Status":200,"level":"info","msg":"Request details logged","time":"2024-10-05T00:54:04+05:30"}
{"DateTime":"2024-10-05T00:54:15+05:30","Latency":"212.083µs","RequestMethod":"GET","RequestURL":"/ping","Status":200,"level":"info","msg":"Request details logged","time":"2024-10-05T00:54:15+05:30"}
{"CPU Delta":-18.050092152356935,"DateTime":"2024-10-05T11:48:36+05:30","Latency":"56.958µs","Memory Delta":0,"RequestMethod":"GET","RequestURL":"/ping","Status":200,"level":"info","msg":"Request details logged","time":"2024-10-05T11:48:36+05:30"}
{"level":"info","msg":"{\"dateTime\":\"2024-10-05T12:57:06+05:30\",\"requestMethod\":\"GET\",\"requestURL\":\"/ping\",\"status\":200,\"latency\":\"250.541µs\",\"cpuDelta\":-18.021918694013895,\"memoryDelta\":0}","time":"2024-10-05T12:57:06+05:30"}
{"level":"info","msg":"{\"dateTime\":\"2024-10-05T13:00:32+05:30\",\"requestMethod\":\"GET\",\"requestURL\":\"/ping\",\"status\":200,\"latency\":\"1.6615ms\",\"cpuDelta\":-17.378222181457787,\"memoryDelta\":0.025177001953125}","time":"2024-10-05T13:00:32+05:30"}
{"level":"info","msg":"{\"dateTime\":\"2024-10-05T13:00:33+05:30\",\"requestMethod\":\"GET\",\"requestURL\":\"/ping\",\"status\":200,\"latency\":\"69.5µs\",\"cpuDelta\":-45.57291666767721,\"memoryDelta\":-0.000762939453125}","time":"2024-10-05T13:00:33+05:30"}
{"level":"info","msg":"[123 34 100 97 116 101 84 105 109 101 34 58 34 50 48 50 52 45 49 48 45 48 53 84 49 51 58 48 49 58 50 50 43 48 53 58 51 48 34 44 34 114 101 113 117 101 115 116 77 101 116 104 111 100 34 58 34 71 69 84 34 44 34 114 101 113 117 101 115 116 85 82 76 34 58 34 47 112 105 110 103 34 44 34 115 116 97 116 117 115 34 58 50 48 48 44 34 108 97 116 101 110 99 121 34 58 34 51 54 51 46 50 53 194 181 115 34 44 34 99 112 117 68 101 108 116 97 34 58 45 49 56 46 48 50 51 55 54 51 54 56 53 48 56 49 54 53 56 44 34 109 101 109 111 114 121 68 101 108 116 97 34 58 48 125]","time":"2024-10-05T13:01:22+05:30"}
{"level":"info","msg":"[123 34 100 97 116 101 84 105 109 101 34 58 34 50 48 50 52 45 49 48 45 48 53 84 49 51 58 48 49 58 50 57 43 48 53 58 51 48 34 44 34 114 101 113 117 101 115 116 77 101 116 104 111 100 34 58 34 71 69 84 34 44 34 114 101 113 117 101 115 116 85 82 76 34 58 34 47 112 105 110 103 34 44 34 115 116 97 116 117 115 34 58 50 48 48 44 34 108 97 116 101 110 99 121 34 58 34 49 51 54 46 55 53 194 181 115 34 44 34 99 112 117 68 101 108 116 97 34 58 45 49 49 46 54 54 56 57 57 57 51 48 48 50 52 54 48 54 54 44 34 109 101 109 111 114 121 68 101 108 116 97 34 58 45 48 46 48 48 54 54 55 53 55 50 48 50 49 52 56 52 51 55 53 125]","time":"2024-10-05T13:01:29+05:30"}
{"CPU Delta":-18.144523046356902,"DateTime":"2024-10-06T00:07:59+05:30","Latency":"294.041µs","Memory Delta":0,"RequestMethod":"GET","RequestURL":"/ping","Status":200,"level":"info","msg":"Request details logged","time":"2024-10-06T00:07:59+05:30"}
{"CPU Delta":-17.444444444450195,"DateTime":"2024-10-06T00:08:09+05:30","Latency":"84.666µs","Memory Delta":-0.00057220458984375,"RequestMethod":"GET","RequestURL":"/ping","Status":200,"level":"info","msg":"Request details logged","time":"2024-10-06T00:08:09+05:30"}
{"CPU Delta":-18.1457921159562,"DateTime":"2024-10-06T00:17:15+05:30","Latency":"311.042µs","Memory Delta":0,"RequestMethod":"GET","RequestURL":"/ping","Status":200,"level":"info","msg":"Request details logged","time":"2024-10-06T00:17:15+05:30"}
{"CPU Delta":-12.653029598734197,"DateTime":"2024-10-06T00:17:31+05:30","Latency":"89.208µs","Memory Delta":0,"RequestMethod":"GET","RequestURL":"/ping","Status":200,"level":"info","msg":"Request details logged","time":"2024-10-06T00:17:31+05:30"}
{"level":"info","msg":"Shutdown signal received, cleaning up...","time":"2024-10-06T00:17:33+05:30"}
{"CPU Delta":31.855129693182413,"DateTime":"2024-10-06T00:18:04+05:30","Latency":"360.833µs","Memory Delta":0,"RequestMethod":"GET","RequestURL":"/ping","Status":200,"level":"info","msg":"Request details logged","time":"2024-10-06T00:18:04+05:30"}
{"CPU Delta":89.72505774533725,"DateTime":"2024-10-06T00:18:21+05:30","Latency":"213.625µs","Memory Delta":0,"RequestMethod":"GET","RequestURL":"/ping","Status":200,"level":"info","msg":"Request details logged","time":"2024-10-06T00:18:21+05:30"}
{"CPU Delta":-13.057324840669873,"DateTime":"2024-10-06T00:18:22+05:30","Latency":"62.375µs","Memory Delta":0,"RequestMethod":"GET","RequestURL":"/ping","Status":200,"level":"info","msg":"Request details logged","time":"2024-10-06T00:18:22+05:30"}
{"level":"info","msg":"Shutdown signal received, cleaning up...","time":"2024-10-06T00:18:24+05:30"}
